FA
47
B8
81
25
3C
41
E0
00
00
00
00
00
00
00
17
2B
FA
44
BB
81
25
3C
40
30
00
00
00
00
00
00
00
1B
2D
1B
FA
46
B9
81
24
3C
3C
73
96
00
00
00
00
00
00
89
AF
FA
47
B8
81
24
3C
39
60
00
00
00
00
00
00
00
89
25
FA
44
BB
81
24
3C
3C
A0
00
00
00
00
00
00
00
49
10
FA
45
BA
81
24
3C
3D
C4
21
00
00
00
00
00
00
40
29
26
FA
44
BB
81
24
3C
40
00
00
00
00
00
00
00
00
F3
2A
FA
45
BA
81
24
3C
40
53
DF
00
00
00
00
00
00
57
43
FA
46
B9
81
24
3B
3C
B0
00
00
00
00
00
00
00
1F
A4
FA
47
B8
81
24
3B
39
60
00
00
00
00
00
00
00
53
94
FA
44
BB
81
24
3C
37
53
8B
00
00
00
00
00
00
20
17
FA
45
BA
81
24
3D
3B
60
00
00
00
00
00
00
00
AC
69
D1
FA
44
BB
81
24
3D
42
60
00
00
00
00
00
00
00
7E
64
FA
45
BA
81
24
3D
40
E0
00
00
00
00
00
00
00
3E
77
FA
46
B9
81
24
3D
3F
E0
00
00
00
00
00
00
00
CC
55
FA
47
B8
81
24
3B
3E
23
D9
00
00
00
00
00
00
8B
BE
FA
44
BB
81
24
3B
3A
90
00
00
00
00
00
00
00
27
89
FA
45
BA
81
24
3B
3C
80
00
00
00
00
00
00
00
CB
A1
B4
FA
47
B8
81
24
3B
3E
D4
17
00
00
00
00
00
00
E5
DF
FA
44
BB
81
24
3B
42
B0
00
00
00
00
00
00
00
3D
89
FA
45
BA
81
24
3B
40
40
00
00
00
00
00
00
00
59
9D
FA
46
B9
81
24
3B
40
60
00
00
00
00
00
00
00
81
99
FA
47
B8
81
24
3B
42
54
04
00
00
00
00
00
00
86
C5
FA
44
BB
81
24
3A
3E
30
00
00
00
00
00
00
00
5A
E0
FA
45
BA
81
24
3A
3E
70
00
00
00
00
00
00
00
2A
E6
6C
FA
44
BB
81
24
3A
43
90
00
00
00
00
00
00
00
70
D7
FA
45
BA
81
24
3A
41
B0
00
00
00
00
00
00
00
48
CE
FA
46
B9
81
24
3A
43
20
00
00
00
00
00
00
00
84
D8
FA
47
B8
81
24
3A
42
B3
DE
00
00
00
00
00
00
20
A0
FA
44
BB
81
24
3B
37
D0
00
00
00
00
00
00
00
87
D5
FA
45
BA
81
24
3D
34
43
17
00
00
00
00
00
00
50
0D
B1
FA
47
B8
81
24
42
33
63
76
00
00
00
00
00
00
25
6F
63
FA
45
BA
81
24
42
3F
90
00
00
00
00
00
00
00
33
66
FA
46
B9
81
24
43
3B
C3
B3
00
00
00
00
00
00
14
C4
FA
47
B8
81
24
43
3A
40
00
00
00
00
00
00
00
7A
01
FA
44
BB
81
24
42
36
B0
00
00
00
00
00
00
00
3B
0C
FA
45
BA
81
24
41
36
F3
7B
00
00
00
00
00
00
56
71
EB
FA
47
B8
81
24
41
37
D3
9E
00
00
00
00
00
00
90
CE
FA
44
BB
81
24
41
3A
E0
00
00
00
00
00
00
00
08
AC
FA
45
BA
81
24
41
3B
30
00
00
00
00
00
00
00
84
AE
FA
46
B9
81
24
40
3D
E4
11
00
00
00
00
00
00
8F
DF
FA
47
B8
81
24
3F
40
80
00
00
00
00
00
00
00
5C
D4
FA
44
BB
81
24
3E
3E
60
00
00
00
00
00
00
00
B3
A4
A6
FA
46
B9
81
24
3D
3C
E3
99
00
00
00
00
00
00
20
08
FA
47
B8
81
24
3D
39
90
00
00
00
00
00
00
00
08
7B
FA
44
BB
81
24
3D
3C
80
00
00
00
00
00
00
00
94
43
FA
45
BA
81
24
3C
40
14
3B
00
00
00
00
00
00
8F
A2
BD
89
FA
47
B8
81
24
3B
3B
E0
00
00
00
00
00
00
00
53
85
FA
44
BB
81
24
3B
3E
33
CC
00
00
00
00
00
00
86
FD
FA
45
BA
81
24
3B
41
90
00
00
00
00
00
00
00
95
9D
FA
46
B9
81
24
3B
43
60
00
00
00
00
00
00
00
71
8D
FA
47
B8
81
24
3B
41
C0
00
00
00
00
00
00
00
29
9C
FA
44
BB
81
24
3B
40
00
00
00
00
00
00
00
00
29
9B
FA
45
BA
81
24
3B
3F
53
E6
00
00
00
00
00
00
BC
7F
FA
46
B9
81
24
3B
3E
60
00
00
00
00
00
00
00
23
B0
FA
47
B8
81
24
3A
3F
50
00
00
00
00
00
00
00
22
ED
FA
44
BB
81
24
3A
3D
C3
F2
00
00
00
00
00
00
34
68
DF
C0
C7
FA
45
BA
81
24
3A
40
43
FC
00
00
00
00
00
00
86
B0
FA
46
B9
81
24
3A
3D
90
00
00
00
00
00
00
00
52
FA
FA
47
B8
81
24
3A
3D
D0
00
00
00
00
00
00
00
22
FC
FA
44
BB
81
24
3A
3E
A3
DA
00
00
00
00
00
00
EE
D2
FA
45
BA
81
24
3B
3E
20
00
00
00
00
00
00
00
D3
B2
FA
46
B9
81
24
3B
41
50
00
00
00
00
00
00
00
05
97
FA
47
B8
81
24
3B
40
40
00
00
00
00
00
00
00
D9
99
BA
FA
46
B9
81
24
3B
3C
F0
00
00
00
00
00
00
00
2F
A0
FA
47
B8
81
24
3B
3D
40
00
00
00
00
00
00
00
8B
A4
FA
44
BB
81
24
3C
3D
23
AC
00
00
00
00
00
00
A6
39
FA
45
BA
81
24
3C
3C
E0
00
00
00
00
00
00
00
39
16
FA
46
B9
81
24
3C
3F
20
00
00
00
00
00
00
00
59
08
FA
47
B8
81
24
3D
3C
43
BD
00
00
00
00
00
00
1A
64
FA
44
BB
81
24
3E
36
F0
00
00
00
00
00
00
00
1F
CA
D7
E4
FA
45
BA
81
24
41
36
50
00
00
00
00
00
00
00
3C
F0
FA
46
B9
81
24
43
33
93
31
00
00
00
00
00
00
E0
04
FA
47
B8
81
24
43
37
40
00
00
00
00
00
00
00
EA
59
FA
44
BB
81
24
42
3A
D3
CC
00
00
00
00
00
00
0A
13
FA
45
BA
81
24
42
3D
60
00
00
00
00
00
00
00
17
70
B7
FA
47
B8
81
24
3F
3C
20
00
00
00
00
00
00
00
E6
EE
FA
44
BB
81
24
3F
3E
70
00
00
00
00
00
00
00
7A
F4
FA
45
BA
81
24
3F
3E
54
00
00
00
00
00
00
00
D1
F5
FA
46
B9
81
2